[2023-07-06 15:17:54] local.ERROR: The "--columns" option does not exist. {"exception":"[object] (Symfony\\Component\\Console\\Exception\\RuntimeException(code: 0): The \"--columns\" option does not exist. at C:\\Users\\WYMK\\Desktop\\Code Lab\\Main Projects\\shopping\\vendor\\symfony\\console\\Input\\ArgvInput.php:217)
[stacktrace]
#0 C:\\Users\\WYMK\\Desktop\\Code Lab\\Main Projects\\shopping\\vendor\\symfony\\console\\Input\\ArgvInput.php(144): Symfony\\Component\\Console\\Input\\ArgvInput->addLongOption('columns', 'uri,name,action...')
#1 C:\\Users\\WYMK\\Desktop\\Code Lab\\Main Projects\\shopping\\vendor\\symfony\\console\\Input\\ArgvInput.php(79): Symfony\\Component\\Console\\Input\\ArgvInput->parseLongOption('--columns=uri,n...')
#2 C:\\Users\\WYMK\\Desktop\\Code Lab\\Main Projects\\shopping\\vendor\\symfony\\console\\Input\\ArgvInput.php(68): Symfony\\Component\\Console\\Input\\ArgvInput->parseToken('--columns=uri,n...', true)
#3 C:\\Users\\WYMK\\Desktop\\Code Lab\\Main Projects\\shopping\\vendor\\symfony\\console\\Input\\Input.php(52): Symfony\\Component\\Console\\Input\\ArgvInput->parse()
#4 C:\\Users\\WYMK\\Desktop\\Code Lab\\Main Projects\\shopping\\vendor\\symfony\\console\\Command\\Command.php(271): Symfony\\Component\\Console\\Input\\Input->bind(Object(Symfony\\Component\\Console\\Input\\InputDefinition))
#5 C:\\Users\\WYMK\\Desktop\\Code Lab\\Main Projects\\shopping\\vendor\\laravel\\framework\\src\\Illuminate\\Console\\Command.php(152): Symfony\\Component\\Console\\Command\\Command->run(Object(Symfony\\Component\\Console\\Input\\ArgvInput), Object(Illuminate\\Console\\OutputStyle))
#6 C:\\Users\\WYMK\\Desktop\\Code Lab\\Main Projects\\shopping\\vendor\\symfony\\console\\Application.php(1022): Illuminate\\Console\\Command->run(Object(Symfony\\Component\\Console\\Input\\ArgvInput), Object(Symfony\\Component\\Console\\Output\\ConsoleOutput))
#7 C:\\Users\\WYMK\\Desktop\\Code Lab\\Main Projects\\shopping\\vendor\\symfony\\console\\Application.php(314): Symfony\\Component\\Console\\Application->doRunCommand(Object(Illuminate\\Foundation\\Console\\RouteListCommand), Object(Symfony\\Component\\Console\\Input\\ArgvInput), Object(Symfony\\Component\\Console\\Output\\ConsoleOutput))
#8 C:\\Users\\WYMK\\Desktop\\Code Lab\\Main Projects\\shopping\\vendor\\symfony\\console\\Application.php(168): Symfony\\Component\\Console\\Application->doRun(Object(Symfony\\Component\\Console\\Input\\ArgvInput), Object(Symfony\\Component\\Console\\Output\\ConsoleOutput))
#9 C:\\Users\\WYMK\\Desktop\\Code Lab\\Main Projects\\shopping\\vendor\\laravel\\framework\\src\\Illuminate\\Console\\Application.php(102): Symfony\\Component\\Console\\Application->run(Object(Symfony\\Component\\Console\\Input\\ArgvInput), Object(Symfony\\Component\\Console\\Output\\ConsoleOutput))
#10 C:\\Users\\WYMK\\Desktop\\Code Lab\\Main Projects\\shopping\\vendor\\laravel\\framework\\src\\Illuminate\\Foundation\\Console\\Kernel.php(155): Illuminate\\Console\\Application->run(Object(Symfony\\Component\\Console\\Input\\ArgvInput), Object(Symfony\\Component\\Console\\Output\\ConsoleOutput))
#11 C:\\Users\\WYMK\\Desktop\\Code Lab\\Main Projects\\shopping\\artisan(35): Illuminate\\Foundation\\Console\\Kernel->handle(Object(Symfony\\Component\\Console\\Input\\ArgvInput), Object(Symfony\\Component\\Console\\Output\\ConsoleOutput))
#12 {main}
"} 
[2023-07-06 15:17:58] local.ERROR: The "--columns" option does not exist. {"exception":"[object] (Symfony\\Component\\Console\\Exception\\RuntimeException(code: 0): The \"--columns\" option does not exist. at C:\\Users\\WYMK\\Desktop\\Code Lab\\Main Projects\\shopping\\vendor\\symfony\\console\\Input\\ArgvInput.php:217)
[stacktrace]
#0 C:\\Users\\WYMK\\Desktop\\Code Lab\\Main Projects\\shopping\\vendor\\symfony\\console\\Input\\ArgvInput.php(144): Symfony\\Component\\Console\\Input\\ArgvInput->addLongOption('columns', 'uri,name,action...')
#1 C:\\Users\\WYMK\\Desktop\\Code Lab\\Main Projects\\shopping\\vendor\\symfony\\console\\Input\\ArgvInput.php(79): Symfony\\Component\\Console\\Input\\ArgvInput->parseLongOption('--columns=uri,n...')
#2 C:\\Users\\WYMK\\Desktop\\Code Lab\\Main Projects\\shopping\\vendor\\symfony\\console\\Input\\ArgvInput.php(68): Symfony\\Component\\Console\\Input\\ArgvInput->parseToken('--columns=uri,n...', true)
#3 C:\\Users\\WYMK\\Desktop\\Code Lab\\Main Projects\\shopping\\vendor\\symfony\\console\\Input\\Input.php(52): Symfony\\Component\\Console\\Input\\ArgvInput->parse()
#4 C:\\Users\\WYMK\\Desktop\\Code Lab\\Main Projects\\shopping\\vendor\\symfony\\console\\Command\\Command.php(271): Symfony\\Component\\Console\\Input\\Input->bind(Object(Symfony\\Component\\Console\\Input\\InputDefinition))
#5 C:\\Users\\WYMK\\Desktop\\Code Lab\\Main Projects\\shopping\\vendor\\laravel\\framework\\src\\Illuminate\\Console\\Command.php(152): Symfony\\Component\\Console\\Command\\Command->run(Object(Symfony\\Component\\Console\\Input\\ArgvInput), Object(Illuminate\\Console\\OutputStyle))
#6 C:\\Users\\WYMK\\Desktop\\Code Lab\\Main Projects\\shopping\\vendor\\symfony\\console\\Application.php(1022): Illuminate\\Console\\Command->run(Object(Symfony\\Component\\Console\\Input\\ArgvInput), Object(Symfony\\Component\\Console\\Output\\ConsoleOutput))
#7 C:\\Users\\WYMK\\Desktop\\Code Lab\\Main Projects\\shopping\\vendor\\symfony\\console\\Application.php(314): Symfony\\Component\\Console\\Application->doRunCommand(Object(Illuminate\\Foundation\\Console\\RouteListCommand), Object(Symfony\\Component\\Console\\Input\\ArgvInput), Object(Symfony\\Component\\Console\\Output\\ConsoleOutput))
#8 C:\\Users\\WYMK\\Desktop\\Code Lab\\Main Projects\\shopping\\vendor\\symfony\\console\\Application.php(168): Symfony\\Component\\Console\\Application->doRun(Object(Symfony\\Component\\Console\\Input\\ArgvInput), Object(Symfony\\Component\\Console\\Output\\ConsoleOutput))
#9 C:\\Users\\WYMK\\Desktop\\Code Lab\\Main Projects\\shopping\\vendor\\laravel\\framework\\src\\Illuminate\\Console\\Application.php(102): Symfony\\Component\\Console\\Application->run(Object(Symfony\\Component\\Console\\Input\\ArgvInput), Object(Symfony\\Component\\Console\\Output\\ConsoleOutput))
#10 C:\\Users\\WYMK\\Desktop\\Code Lab\\Main Projects\\shopping\\vendor\\laravel\\framework\\src\\Illuminate\\Foundation\\Console\\Kernel.php(155): Illuminate\\Console\\Application->run(Object(Symfony\\Component\\Console\\Input\\ArgvInput), Object(Symfony\\Component\\Console\\Output\\ConsoleOutput))
#11 C:\\Users\\WYMK\\Desktop\\Code Lab\\Main Projects\\shopping\\artisan(35): Illuminate\\Foundation\\Console\\Kernel->handle(Object(Symfony\\Component\\Console\\Input\\ArgvInput), Object(Symfony\\Component\\Console\\Output\\ConsoleOutput))
#12 {main}
"} 
[2023-07-06 15:18:00] local.ERROR: The "--columns" option does not exist. {"exception":"[object] (Symfony\\Component\\Console\\Exception\\RuntimeException(code: 0): The \"--columns\" option does not exist. at C:\\Users\\WYMK\\Desktop\\Code Lab\\Main Projects\\shopping\\vendor\\symfony\\console\\Input\\ArgvInput.php:217)
[stacktrace]
#0 C:\\Users\\WYMK\\Desktop\\Code Lab\\Main Projects\\shopping\\vendor\\symfony\\console\\Input\\ArgvInput.php(144): Symfony\\Component\\Console\\Input\\ArgvInput->addLongOption('columns', 'uri,name,action...')
#1 C:\\Users\\WYMK\\Desktop\\Code Lab\\Main Projects\\shopping\\vendor\\symfony\\console\\Input\\ArgvInput.php(79): Symfony\\Component\\Console\\Input\\ArgvInput->parseLongOption('--columns=uri,n...')
#2 C:\\Users\\WYMK\\Desktop\\Code Lab\\Main Projects\\shopping\\vendor\\symfony\\console\\Input\\ArgvInput.php(68): Symfony\\Component\\Console\\Input\\ArgvInput->parseToken('--columns=uri,n...', true)
#3 C:\\Users\\WYMK\\Desktop\\Code Lab\\Main Projects\\shopping\\vendor\\symfony\\console\\Input\\Input.php(52): Symfony\\Component\\Console\\Input\\ArgvInput->parse()
#4 C:\\Users\\WYMK\\Desktop\\Code Lab\\Main Projects\\shopping\\vendor\\symfony\\console\\Command\\Command.php(271): Symfony\\Component\\Console\\Input\\Input->bind(Object(Symfony\\Component\\Console\\Input\\InputDefinition))
#5 C:\\Users\\WYMK\\Desktop\\Code Lab\\Main Projects\\shopping\\vendor\\laravel\\framework\\src\\Illuminate\\Console\\Command.php(152): Symfony\\Component\\Console\\Command\\Command->run(Object(Symfony\\Component\\Console\\Input\\ArgvInput), Object(Illuminate\\Console\\OutputStyle))
#6 C:\\Users\\WYMK\\Desktop\\Code Lab\\Main Projects\\shopping\\vendor\\symfony\\console\\Application.php(1022): Illuminate\\Console\\Command->run(Object(Symfony\\Component\\Console\\Input\\ArgvInput), Object(Symfony\\Component\\Console\\Output\\ConsoleOutput))
#7 C:\\Users\\WYMK\\Desktop\\Code Lab\\Main Projects\\shopping\\vendor\\symfony\\console\\Application.php(314): Symfony\\Component\\Console\\Application->doRunCommand(Object(Illuminate\\Foundation\\Console\\RouteListCommand), Object(Symfony\\Component\\Console\\Input\\ArgvInput), Object(Symfony\\Component\\Console\\Output\\ConsoleOutput))
#8 C:\\Users\\WYMK\\Desktop\\Code Lab\\Main Projects\\shopping\\vendor\\symfony\\console\\Application.php(168): Symfony\\Component\\Console\\Application->doRun(Object(Symfony\\Component\\Console\\Input\\ArgvInput), Object(Symfony\\Component\\Console\\Output\\ConsoleOutput))
#9 C:\\Users\\WYMK\\Desktop\\Code Lab\\Main Projects\\shopping\\vendor\\laravel\\framework\\src\\Illuminate\\Console\\Application.php(102): Symfony\\Component\\Console\\Application->run(Object(Symfony\\Component\\Console\\Input\\ArgvInput), Object(Symfony\\Component\\Console\\Output\\ConsoleOutput))
#10 C:\\Users\\WYMK\\Desktop\\Code Lab\\Main Projects\\shopping\\vendor\\laravel\\framework\\src\\Illuminate\\Foundation\\Console\\Kernel.php(155): Illuminate\\Console\\Application->run(Object(Symfony\\Component\\Console\\Input\\ArgvInput), Object(Symfony\\Component\\Console\\Output\\ConsoleOutput))
#11 C:\\Users\\WYMK\\Desktop\\Code Lab\\Main Projects\\shopping\\artisan(35): Illuminate\\Foundation\\Console\\Kernel->handle(Object(Symfony\\Component\\Console\\Input\\ArgvInput), Object(Symfony\\Component\\Console\\Output\\ConsoleOutput))
#12 {main}
"} 
[2023-07-06 16:39:34] local.ERROR: The "--columns" option does not exist. {"exception":"[object] (Symfony\\Component\\Console\\Exception\\RuntimeException(code: 0): The \"--columns\" option does not exist. at C:\\Users\\WYMK\\Desktop\\Code Lab\\Main Projects\\shopping\\vendor\\symfony\\console\\Input\\ArgvInput.php:217)
[stacktrace]
#0 C:\\Users\\WYMK\\Desktop\\Code Lab\\Main Projects\\shopping\\vendor\\symfony\\console\\Input\\ArgvInput.php(144): Symfony\\Component\\Console\\Input\\ArgvInput->addLongOption('columns', 'uri,name,action...')
#1 C:\\Users\\WYMK\\Desktop\\Code Lab\\Main Projects\\shopping\\vendor\\symfony\\console\\Input\\ArgvInput.php(79): Symfony\\Component\\Console\\Input\\ArgvInput->parseLongOption('--columns=uri,n...')
#2 C:\\Users\\WYMK\\Desktop\\Code Lab\\Main Projects\\shopping\\vendor\\symfony\\console\\Input\\ArgvInput.php(68): Symfony\\Component\\Console\\Input\\ArgvInput->parseToken('--columns=uri,n...', true)
#3 C:\\Users\\WYMK\\Desktop\\Code Lab\\Main Projects\\shopping\\vendor\\symfony\\console\\Input\\Input.php(52): Symfony\\Component\\Console\\Input\\ArgvInput->parse()
#4 C:\\Users\\WYMK\\Desktop\\Code Lab\\Main Projects\\shopping\\vendor\\symfony\\console\\Command\\Command.php(271): Symfony\\Component\\Console\\Input\\Input->bind(Object(Symfony\\Component\\Console\\Input\\InputDefinition))
#5 C:\\Users\\WYMK\\Desktop\\Code Lab\\Main Projects\\shopping\\vendor\\laravel\\framework\\src\\Illuminate\\Console\\Command.php(152): Symfony\\Component\\Console\\Command\\Command->run(Object(Symfony\\Component\\Console\\Input\\ArgvInput), Object(Illuminate\\Console\\OutputStyle))
#6 C:\\Users\\WYMK\\Desktop\\Code Lab\\Main Projects\\shopping\\vendor\\symfony\\console\\Application.php(1022): Illuminate\\Console\\Command->run(Object(Symfony\\Component\\Console\\Input\\ArgvInput), Object(Symfony\\Component\\Console\\Output\\ConsoleOutput))
#7 C:\\Users\\WYMK\\Desktop\\Code Lab\\Main Projects\\shopping\\vendor\\symfony\\console\\Application.php(314): Symfony\\Component\\Console\\Application->doRunCommand(Object(Illuminate\\Foundation\\Console\\RouteListCommand), Object(Symfony\\Component\\Console\\Input\\ArgvInput), Object(Symfony\\Component\\Console\\Output\\ConsoleOutput))
#8 C:\\Users\\WYMK\\Desktop\\Code Lab\\Main Projects\\shopping\\vendor\\symfony\\console\\Application.php(168): Symfony\\Component\\Console\\Application->doRun(Object(Symfony\\Component\\Console\\Input\\ArgvInput), Object(Symfony\\Component\\Console\\Output\\ConsoleOutput))
#9 C:\\Users\\WYMK\\Desktop\\Code Lab\\Main Projects\\shopping\\vendor\\laravel\\framework\\src\\Illuminate\\Console\\Application.php(102): Symfony\\Component\\Console\\Application->run(Object(Symfony\\Component\\Console\\Input\\ArgvInput), Object(Symfony\\Component\\Console\\Output\\ConsoleOutput))
#10 C:\\Users\\WYMK\\Desktop\\Code Lab\\Main Projects\\shopping\\vendor\\laravel\\framework\\src\\Illuminate\\Foundation\\Console\\Kernel.php(155): Illuminate\\Console\\Application->run(Object(Symfony\\Component\\Console\\Input\\ArgvInput), Object(Symfony\\Component\\Console\\Output\\ConsoleOutput))
#11 C:\\Users\\WYMK\\Desktop\\Code Lab\\Main Projects\\shopping\\artisan(35): Illuminate\\Foundation\\Console\\Kernel->handle(Object(Symfony\\Component\\Console\\Input\\ArgvInput), Object(Symfony\\Component\\Console\\Output\\ConsoleOutput))
#12 {main}
"} 
[2023-07-06 16:39:44] local.ERROR: The "--columns" option does not exist. {"exception":"[object] (Symfony\\Component\\Console\\Exception\\RuntimeException(code: 0): The \"--columns\" option does not exist. at C:\\Users\\WYMK\\Desktop\\Code Lab\\Main Projects\\shopping\\vendor\\symfony\\console\\Input\\ArgvInput.php:217)
[stacktrace]
#0 C:\\Users\\WYMK\\Desktop\\Code Lab\\Main Projects\\shopping\\vendor\\symfony\\console\\Input\\ArgvInput.php(144): Symfony\\Component\\Console\\Input\\ArgvInput->addLongOption('columns', 'uri,name,action...')
#1 C:\\Users\\WYMK\\Desktop\\Code Lab\\Main Projects\\shopping\\vendor\\symfony\\console\\Input\\ArgvInput.php(79): Symfony\\Component\\Console\\Input\\ArgvInput->parseLongOption('--columns=uri,n...')
#2 C:\\Users\\WYMK\\Desktop\\Code Lab\\Main Projects\\shopping\\vendor\\symfony\\console\\Input\\ArgvInput.php(68): Symfony\\Component\\Console\\Input\\ArgvInput->parseToken('--columns=uri,n...', true)
#3 C:\\Users\\WYMK\\Desktop\\Code Lab\\Main Projects\\shopping\\vendor\\symfony\\console\\Input\\Input.php(52): Symfony\\Component\\Console\\Input\\ArgvInput->parse()
#4 C:\\Users\\WYMK\\Desktop\\Code Lab\\Main Projects\\shopping\\vendor\\symfony\\console\\Command\\Command.php(271): Symfony\\Component\\Console\\Input\\Input->bind(Object(Symfony\\Component\\Console\\Input\\InputDefinition))
#5 C:\\Users\\WYMK\\Desktop\\Code Lab\\Main Projects\\shopping\\vendor\\laravel\\framework\\src\\Illuminate\\Console\\Command.php(152): Symfony\\Component\\Console\\Command\\Command->run(Object(Symfony\\Component\\Console\\Input\\ArgvInput), Object(Illuminate\\Console\\OutputStyle))
#6 C:\\Users\\WYMK\\Desktop\\Code Lab\\Main Projects\\shopping\\vendor\\symfony\\console\\Application.php(1022): Illuminate\\Console\\Command->run(Object(Symfony\\Component\\Console\\Input\\ArgvInput), Object(Symfony\\Component\\Console\\Output\\ConsoleOutput))
#7 C:\\Users\\WYMK\\Desktop\\Code Lab\\Main Projects\\shopping\\vendor\\symfony\\console\\Application.php(314): Symfony\\Component\\Console\\Application->doRunCommand(Object(Illuminate\\Foundation\\Console\\RouteListCommand), Object(Symfony\\Component\\Console\\Input\\ArgvInput), Object(Symfony\\Component\\Console\\Output\\ConsoleOutput))
#8 C:\\Users\\WYMK\\Desktop\\Code Lab\\Main Projects\\shopping\\vendor\\symfony\\console\\Application.php(168): Symfony\\Component\\Console\\Application->doRun(Object(Symfony\\Component\\Console\\Input\\ArgvInput), Object(Symfony\\Component\\Console\\Output\\ConsoleOutput))
#9 C:\\Users\\WYMK\\Desktop\\Code Lab\\Main Projects\\shopping\\vendor\\laravel\\framework\\src\\Illuminate\\Console\\Application.php(102): Symfony\\Component\\Console\\Application->run(Object(Symfony\\Component\\Console\\Input\\ArgvInput), Object(Symfony\\Component\\Console\\Output\\ConsoleOutput))
#10 C:\\Users\\WYMK\\Desktop\\Code Lab\\Main Projects\\shopping\\vendor\\laravel\\framework\\src\\Illuminate\\Foundation\\Console\\Kernel.php(155): Illuminate\\Console\\Application->run(Object(Symfony\\Component\\Console\\Input\\ArgvInput), Object(Symfony\\Component\\Console\\Output\\ConsoleOutput))
#11 C:\\Users\\WYMK\\Desktop\\Code Lab\\Main Projects\\shopping\\artisan(35): Illuminate\\Foundation\\Console\\Kernel->handle(Object(Symfony\\Component\\Console\\Input\\ArgvInput), Object(Symfony\\Component\\Console\\Output\\ConsoleOutput))
#12 {main}
"} 
[2023-07-06 16:39:47] local.ERROR: The "--columns" option does not exist. {"exception":"[object] (Symfony\\Component\\Console\\Exception\\RuntimeException(code: 0): The \"--columns\" option does not exist. at C:\\Users\\WYMK\\Desktop\\Code Lab\\Main Projects\\shopping\\vendor\\symfony\\console\\Input\\ArgvInput.php:217)
[stacktrace]
#0 C:\\Users\\WYMK\\Desktop\\Code Lab\\Main Projects\\shopping\\vendor\\symfony\\console\\Input\\ArgvInput.php(144): Symfony\\Component\\Console\\Input\\ArgvInput->addLongOption('columns', 'uri,name,action...')
#1 C:\\Users\\WYMK\\Desktop\\Code Lab\\Main Projects\\shopping\\vendor\\symfony\\console\\Input\\ArgvInput.php(79): Symfony\\Component\\Console\\Input\\ArgvInput->parseLongOption('--columns=uri,n...')
#2 C:\\Users\\WYMK\\Desktop\\Code Lab\\Main Projects\\shopping\\vendor\\symfony\\console\\Input\\ArgvInput.php(68): Symfony\\Component\\Console\\Input\\ArgvInput->parseToken('--columns=uri,n...', true)
#3 C:\\Users\\WYMK\\Desktop\\Code Lab\\Main Projects\\shopping\\vendor\\symfony\\console\\Input\\Input.php(52): Symfony\\Component\\Console\\Input\\ArgvInput->parse()
#4 C:\\Users\\WYMK\\Desktop\\Code Lab\\Main Projects\\shopping\\vendor\\symfony\\console\\Command\\Command.php(271): Symfony\\Component\\Console\\Input\\Input->bind(Object(Symfony\\Component\\Console\\Input\\InputDefinition))
#5 C:\\Users\\WYMK\\Desktop\\Code Lab\\Main Projects\\shopping\\vendor\\laravel\\framework\\src\\Illuminate\\Console\\Command.php(152): Symfony\\Component\\Console\\Command\\Command->run(Object(Symfony\\Component\\Console\\Input\\ArgvInput), Object(Illuminate\\Console\\OutputStyle))
#6 C:\\Users\\WYMK\\Desktop\\Code Lab\\Main Projects\\shopping\\vendor\\symfony\\console\\Application.php(1022): Illuminate\\Console\\Command->run(Object(Symfony\\Component\\Console\\Input\\ArgvInput), Object(Symfony\\Component\\Console\\Output\\ConsoleOutput))
#7 C:\\Users\\WYMK\\Desktop\\Code Lab\\Main Projects\\shopping\\vendor\\symfony\\console\\Application.php(314): Symfony\\Component\\Console\\Application->doRunCommand(Object(Illuminate\\Foundation\\Console\\RouteListCommand), Object(Symfony\\Component\\Console\\Input\\ArgvInput), Object(Symfony\\Component\\Console\\Output\\ConsoleOutput))
#8 C:\\Users\\WYMK\\Desktop\\Code Lab\\Main Projects\\shopping\\vendor\\symfony\\console\\Application.php(168): Symfony\\Component\\Console\\Application->doRun(Object(Symfony\\Component\\Console\\Input\\ArgvInput), Object(Symfony\\Component\\Console\\Output\\ConsoleOutput))
#9 C:\\Users\\WYMK\\Desktop\\Code Lab\\Main Projects\\shopping\\vendor\\laravel\\framework\\src\\Illuminate\\Console\\Application.php(102): Symfony\\Component\\Console\\Application->run(Object(Symfony\\Component\\Console\\Input\\ArgvInput), Object(Symfony\\Component\\Console\\Output\\ConsoleOutput))
#10 C:\\Users\\WYMK\\Desktop\\Code Lab\\Main Projects\\shopping\\vendor\\laravel\\framework\\src\\Illuminate\\Foundation\\Console\\Kernel.php(155): Illuminate\\Console\\Application->run(Object(Symfony\\Component\\Console\\Input\\ArgvInput), Object(Symfony\\Component\\Console\\Output\\ConsoleOutput))
#11 C:\\Users\\WYMK\\Desktop\\Code Lab\\Main Projects\\shopping\\artisan(35): Illuminate\\Foundation\\Console\\Kernel->handle(Object(Symfony\\Component\\Console\\Input\\ArgvInput), Object(Symfony\\Component\\Console\\Output\\ConsoleOutput))
#12 {main}
"} 
